2024-01-06 19:00:56.067[1704535256067] | INFO  | main       | c.g2s.trading.TradingApplicationKt   - Starting TradingApplicationKt using Java 17.0.6 with PID 66685 (/Users/kakao/Desktop/hj/trading/web/build/classes/kotlin/main started by kakao in /Users/kakao/Desktop/hj/trading)
2024-01-06 19:00:56.069[1704535256069] | INFO  | main       | c.g2s.trading.TradingApplicationKt   - No active profile set, falling back to 1 default profile: "default"
2024-01-06 19:00:56.623[1704535256623] | INFO  | main       | o.s.b.w.e.tomcat.TomcatWebServer     - Tomcat initialized with port 8080 (http)
2024-01-06 19:00:56.628[1704535256628] | INFO  | main       | o.a.coyote.http11.Http11NioProtocol  - Initializing ProtocolHandler ["http-nio-8080"]
2024-01-06 19:00:56.629[1704535256629] | INFO  | main       | o.a.catalina.core.StandardService    - Starting service [Tomcat]
2024-01-06 19:00:56.629[1704535256629] | INFO  | main       | o.a.catalina.core.StandardEngine     - Starting Servlet engine: [Apache Tomcat/10.1.16]
2024-01-06 19:00:56.659[1704535256659] | INFO  | main       | o.a.c.c.C.[Tomcat].[localhost].[/]   - Initializing Spring embedded WebApplicationContext
2024-01-06 19:00:56.659[1704535256659] | INFO  | main       | o.s.b.w.s.c.ServletWebServerApplicationContext - Root WebApplicationContext: initialization completed in 561 ms
2024-01-06 19:00:56.693[1704535256693] | WARN  | main       | o.s.b.w.s.c.AnnotationConfigServletWebServerApplicationContext - Exception encountered during context initialization - cancelling refresh attempt: org.springframework.beans.factory.UnsatisfiedDependencyException: Error creating bean with name 'tradingController' defined in file [/Users/kakao/Desktop/hj/trading/web/build/classes/kotlin/main/com/g2s/trading/controller/TradingController.class]: Unsatisfied dependency expressed through constructor parameter 0: Error creating bean with name 'dreamAndHope' defined in file [/Users/kakao/Desktop/hj/trading/domain/build/classes/kotlin/main/com/g2s/trading/DreamAndHope.class]: Unsatisfied dependency expressed through constructor parameter 0: No qualifying bean of type 'com.g2s.trading.Binance' available: expected at least 1 bean which qualifies as autowire candidate. Dependency annotations: {}
2024-01-06 19:00:56.694[1704535256694] | INFO  | main       | o.a.catalina.core.StandardService    - Stopping service [Tomcat]
2024-01-06 19:00:56.700[1704535256700] | INFO  | main       | o.s.b.a.l.ConditionEvaluationReportLogger - 

Error starting ApplicationContext. To display the condition evaluation report re-run your application with 'debug' enabled.
2024-01-06 19:00:56.709[1704535256709] | ERROR | main       | o.s.b.d.LoggingFailureAnalysisReporter - 

***************************
APPLICATION FAILED TO START
***************************

Description:

Parameter 0 of constructor in com.g2s.trading.DreamAndHope required a bean of type 'com.g2s.trading.Binance' that could not be found.


Action:

Consider defining a bean of type 'com.g2s.trading.Binance' in your configuration.

2024-01-06 19:06:23.333[1704535583333] | INFO  | main       | c.g2s.trading.TradingApplicationKt   - Starting TradingApplicationKt using Java 17.0.6 with PID 67049 (/Users/kakao/Desktop/hj/trading/web/build/classes/kotlin/main started by kakao in /Users/kakao/Desktop/hj/trading)
2024-01-06 19:06:23.334[1704535583334] | INFO  | main       | c.g2s.trading.TradingApplicationKt   - No active profile set, falling back to 1 default profile: "default"
2024-01-06 19:06:23.760[1704535583760] | INFO  | main       | o.s.b.w.e.tomcat.TomcatWebServer     - Tomcat initialized with port 8080 (http)
2024-01-06 19:06:23.764[1704535583764] | INFO  | main       | o.a.coyote.http11.Http11NioProtocol  - Initializing ProtocolHandler ["http-nio-8080"]
2024-01-06 19:06:23.765[1704535583765] | INFO  | main       | o.a.catalina.core.StandardService    - Starting service [Tomcat]
2024-01-06 19:06:23.765[1704535583765] | INFO  | main       | o.a.catalina.core.StandardEngine     - Starting Servlet engine: [Apache Tomcat/10.1.16]
2024-01-06 19:06:23.790[1704535583790] | INFO  | main       | o.a.c.c.C.[Tomcat].[localhost].[/]   - Initializing Spring embedded WebApplicationContext
2024-01-06 19:06:23.791[1704535583791] | INFO  | main       | o.s.b.w.s.c.ServletWebServerApplicationContext - Root WebApplicationContext: initialization completed in 428 ms
2024-01-06 19:06:23.821[1704535583821] | WARN  | main       | o.s.b.w.s.c.AnnotationConfigServletWebServerApplicationContext - Exception encountered during context initialization - cancelling refresh attempt: org.springframework.beans.factory.UnsatisfiedDependencyException: Error creating bean with name 'tradingController' defined in file [/Users/kakao/Desktop/hj/trading/web/build/classes/kotlin/main/com/g2s/trading/controller/TradingController.class]: Unsatisfied dependency expressed through constructor parameter 0: Error creating bean with name 'dreamAndHope' defined in file [/Users/kakao/Desktop/hj/trading/domain/build/classes/kotlin/main/com/g2s/trading/DreamAndHope.class]: Unsatisfied dependency expressed through constructor parameter 0: No qualifying bean of type 'com.g2s.trading.Binance' available: expected at least 1 bean which qualifies as autowire candidate. Dependency annotations: {}
2024-01-06 19:06:23.822[1704535583822] | INFO  | main       | o.a.catalina.core.StandardService    - Stopping service [Tomcat]
2024-01-06 19:06:23.828[1704535583828] | INFO  | main       | o.s.b.a.l.ConditionEvaluationReportLogger - 

Error starting ApplicationContext. To display the condition evaluation report re-run your application with 'debug' enabled.
2024-01-06 19:06:23.837[1704535583837] | ERROR | main       | o.s.b.d.LoggingFailureAnalysisReporter - 

***************************
APPLICATION FAILED TO START
***************************

Description:

Parameter 0 of constructor in com.g2s.trading.DreamAndHope required a bean of type 'com.g2s.trading.Binance' that could not be found.


Action:

Consider defining a bean of type 'com.g2s.trading.Binance' in your configuration.

2024-01-06 19:16:38.729[1704536198729] | INFO  | main       | c.g2s.trading.TradingApplicationKt   - Starting TradingApplicationKt using Java 17.0.6 with PID 68306 (/Users/kakao/Desktop/hj/trading/web/build/classes/kotlin/main started by kakao in /Users/kakao/Desktop/hj/trading)
2024-01-06 19:16:38.731[1704536198731] | INFO  | main       | c.g2s.trading.TradingApplicationKt   - No active profile set, falling back to 1 default profile: "default"
2024-01-06 19:16:39.195[1704536199195] | INFO  | main       | o.s.b.w.e.tomcat.TomcatWebServer     - Tomcat initialized with port 8080 (http)
2024-01-06 19:16:39.199[1704536199199] | INFO  | main       | o.a.coyote.http11.Http11NioProtocol  - Initializing ProtocolHandler ["http-nio-8080"]
2024-01-06 19:16:39.200[1704536199200] | INFO  | main       | o.a.catalina.core.StandardService    - Starting service [Tomcat]
2024-01-06 19:16:39.200[1704536199200] | INFO  | main       | o.a.catalina.core.StandardEngine     - Starting Servlet engine: [Apache Tomcat/10.1.16]
2024-01-06 19:16:39.225[1704536199225] | INFO  | main       | o.a.c.c.C.[Tomcat].[localhost].[/]   - Initializing Spring embedded WebApplicationContext
2024-01-06 19:16:39.225[1704536199225] | INFO  | main       | o.s.b.w.s.c.ServletWebServerApplicationContext - Root WebApplicationContext: initialization completed in 460 ms
2024-01-06 19:16:39.255[1704536199255] | WARN  | main       | o.s.b.w.s.c.AnnotationConfigServletWebServerApplicationContext - Exception encountered during context initialization - cancelling refresh attempt: org.springframework.beans.factory.UnsatisfiedDependencyException: Error creating bean with name 'tradingController' defined in file [/Users/kakao/Desktop/hj/trading/web/build/classes/kotlin/main/com/g2s/trading/controller/TradingController.class]: Unsatisfied dependency expressed through constructor parameter 0: Error creating bean with name 'dreamAndHope' defined in file [/Users/kakao/Desktop/hj/trading/domain/build/classes/kotlin/main/com/g2s/trading/DreamAndHope.class]: Unsatisfied dependency expressed through constructor parameter 0: No qualifying bean of type 'com.g2s.trading.Binance' available: expected at least 1 bean which qualifies as autowire candidate. Dependency annotations: {}
2024-01-06 19:16:39.257[1704536199257] | INFO  | main       | o.a.catalina.core.StandardService    - Stopping service [Tomcat]
2024-01-06 19:16:39.263[1704536199263] | INFO  | main       | o.s.b.a.l.ConditionEvaluationReportLogger - 

Error starting ApplicationContext. To display the condition evaluation report re-run your application with 'debug' enabled.
2024-01-06 19:16:39.271[1704536199271] | ERROR | main       | o.s.b.d.LoggingFailureAnalysisReporter - 

***************************
APPLICATION FAILED TO START
***************************

Description:

Parameter 0 of constructor in com.g2s.trading.DreamAndHope required a bean of type 'com.g2s.trading.Binance' that could not be found.


Action:

Consider defining a bean of type 'com.g2s.trading.Binance' in your configuration.

2024-01-06 19:17:02.143[1704536222143] | INFO  | main       | c.g2s.trading.TradingApplicationKt   - Starting TradingApplicationKt using Java 17.0.6 with PID 68327 (/Users/kakao/Desktop/hj/trading/web/build/classes/kotlin/main started by kakao in /Users/kakao/Desktop/hj/trading)
2024-01-06 19:17:02.145[1704536222145] | INFO  | main       | c.g2s.trading.TradingApplicationKt   - No active profile set, falling back to 1 default profile: "default"
2024-01-06 19:17:02.627[1704536222627] | INFO  | main       | o.s.b.w.e.tomcat.TomcatWebServer     - Tomcat initialized with port 8080 (http)
2024-01-06 19:17:02.630[1704536222630] | INFO  | main       | o.a.coyote.http11.Http11NioProtocol  - Initializing ProtocolHandler ["http-nio-8080"]
2024-01-06 19:17:02.631[1704536222631] | INFO  | main       | o.a.catalina.core.StandardService    - Starting service [Tomcat]
2024-01-06 19:17:02.631[1704536222631] | INFO  | main       | o.a.catalina.core.StandardEngine     - Starting Servlet engine: [Apache Tomcat/10.1.16]
2024-01-06 19:17:02.655[1704536222655] | INFO  | main       | o.a.c.c.C.[Tomcat].[localhost].[/]   - Initializing Spring embedded WebApplicationContext
2024-01-06 19:17:02.655[1704536222655] | INFO  | main       | o.s.b.w.s.c.ServletWebServerApplicationContext - Root WebApplicationContext: initialization completed in 447 ms
2024-01-06 19:17:02.686[1704536222686] | WARN  | main       | o.s.b.w.s.c.AnnotationConfigServletWebServerApplicationContext - Exception encountered during context initialization - cancelling refresh attempt: org.springframework.beans.factory.UnsatisfiedDependencyException: Error creating bean with name 'tradingController' defined in file [/Users/kakao/Desktop/hj/trading/web/build/classes/kotlin/main/com/g2s/trading/controller/TradingController.class]: Unsatisfied dependency expressed through constructor parameter 0: Error creating bean with name 'dreamAndHope' defined in file [/Users/kakao/Desktop/hj/trading/domain/build/classes/kotlin/main/com/g2s/trading/DreamAndHope.class]: Unsatisfied dependency expressed through constructor parameter 0: No qualifying bean of type 'com.g2s.trading.Binance' available: expected at least 1 bean which qualifies as autowire candidate. Dependency annotations: {}
2024-01-06 19:17:02.688[1704536222688] | INFO  | main       | o.a.catalina.core.StandardService    - Stopping service [Tomcat]
2024-01-06 19:17:02.694[1704536222694] | INFO  | main       | o.s.b.a.l.ConditionEvaluationReportLogger - 

Error starting ApplicationContext. To display the condition evaluation report re-run your application with 'debug' enabled.
2024-01-06 19:17:02.707[1704536222707] | ERROR | main       | o.s.b.d.LoggingFailureAnalysisReporter - 

***************************
APPLICATION FAILED TO START
***************************

Description:

Parameter 0 of constructor in com.g2s.trading.DreamAndHope required a bean of type 'com.g2s.trading.Binance' that could not be found.


Action:

Consider defining a bean of type 'com.g2s.trading.Binance' in your configuration.

2024-01-06 19:17:42.763[1704536262763] | INFO  | main       | c.g2s.trading.TradingApplicationKt   - Starting TradingApplicationKt using Java 17.0.6 with PID 68367 (/Users/kakao/Desktop/hj/trading/web/build/classes/kotlin/main started by kakao in /Users/kakao/Desktop/hj/trading)
2024-01-06 19:17:42.764[1704536262764] | INFO  | main       | c.g2s.trading.TradingApplicationKt   - No active profile set, falling back to 1 default profile: "default"
2024-01-06 19:17:43.250[1704536263250] | INFO  | main       | o.s.b.w.e.tomcat.TomcatWebServer     - Tomcat initialized with port 8080 (http)
2024-01-06 19:17:43.254[1704536263254] | INFO  | main       | o.a.coyote.http11.Http11NioProtocol  - Initializing ProtocolHandler ["http-nio-8080"]
2024-01-06 19:17:43.254[1704536263254] | INFO  | main       | o.a.catalina.core.StandardService    - Starting service [Tomcat]
2024-01-06 19:17:43.254[1704536263254] | INFO  | main       | o.a.catalina.core.StandardEngine     - Starting Servlet engine: [Apache Tomcat/10.1.16]
2024-01-06 19:17:43.278[1704536263278] | INFO  | main       | o.a.c.c.C.[Tomcat].[localhost].[/]   - Initializing Spring embedded WebApplicationContext
2024-01-06 19:17:43.279[1704536263279] | INFO  | main       | o.s.b.w.s.c.ServletWebServerApplicationContext - Root WebApplicationContext: initialization completed in 480 ms
2024-01-06 19:17:43.308[1704536263308] | WARN  | main       | o.s.b.w.s.c.AnnotationConfigServletWebServerApplicationContext - Exception encountered during context initialization - cancelling refresh attempt: org.springframework.beans.factory.UnsatisfiedDependencyException: Error creating bean with name 'tradingController' defined in file [/Users/kakao/Desktop/hj/trading/web/build/classes/kotlin/main/com/g2s/trading/controller/TradingController.class]: Unsatisfied dependency expressed through constructor parameter 0: Error creating bean with name 'dreamAndHope' defined in file [/Users/kakao/Desktop/hj/trading/domain/build/classes/kotlin/main/com/g2s/trading/DreamAndHope.class]: Unsatisfied dependency expressed through constructor parameter 0: No qualifying bean of type 'com.g2s.trading.Binance' available: expected at least 1 bean which qualifies as autowire candidate. Dependency annotations: {}
2024-01-06 19:17:43.309[1704536263309] | INFO  | main       | o.a.catalina.core.StandardService    - Stopping service [Tomcat]
2024-01-06 19:17:43.315[1704536263315] | INFO  | main       | o.s.b.a.l.ConditionEvaluationReportLogger - 

Error starting ApplicationContext. To display the condition evaluation report re-run your application with 'debug' enabled.
2024-01-06 19:17:43.322[1704536263322] | ERROR | main       | o.s.b.d.LoggingFailureAnalysisReporter - 

***************************
APPLICATION FAILED TO START
***************************

Description:

Parameter 0 of constructor in com.g2s.trading.DreamAndHope required a bean of type 'com.g2s.trading.Binance' that could not be found.


Action:

Consider defining a bean of type 'com.g2s.trading.Binance' in your configuration.

2024-01-06 19:18:15.391[1704536295391] | INFO  | main       | c.g2s.trading.TradingApplicationKt   - Starting TradingApplicationKt using Java 17.0.6 with PID 68397 (/Users/kakao/Desktop/hj/trading/web/build/classes/kotlin/main started by kakao in /Users/kakao/Desktop/hj/trading)
2024-01-06 19:18:15.393[1704536295393] | INFO  | main       | c.g2s.trading.TradingApplicationKt   - No active profile set, falling back to 1 default profile: "default"
2024-01-06 19:18:15.843[1704536295843] | INFO  | main       | o.s.b.w.e.tomcat.TomcatWebServer     - Tomcat initialized with port 8080 (http)
2024-01-06 19:18:15.847[1704536295847] | INFO  | main       | o.a.coyote.http11.Http11NioProtocol  - Initializing ProtocolHandler ["http-nio-8080"]
2024-01-06 19:18:15.848[1704536295848] | INFO  | main       | o.a.catalina.core.StandardService    - Starting service [Tomcat]
2024-01-06 19:18:15.848[1704536295848] | INFO  | main       | o.a.catalina.core.StandardEngine     - Starting Servlet engine: [Apache Tomcat/10.1.16]
2024-01-06 19:18:15.874[1704536295874] | INFO  | main       | o.a.c.c.C.[Tomcat].[localhost].[/]   - Initializing Spring embedded WebApplicationContext
2024-01-06 19:18:15.875[1704536295875] | INFO  | main       | o.s.b.w.s.c.ServletWebServerApplicationContext - Root WebApplicationContext: initialization completed in 440 ms
2024-01-06 19:18:15.905[1704536295905] | WARN  | main       | o.s.b.w.s.c.AnnotationConfigServletWebServerApplicationContext - Exception encountered during context initialization - cancelling refresh attempt: org.springframework.beans.factory.UnsatisfiedDependencyException: Error creating bean with name 'tradingController' defined in file [/Users/kakao/Desktop/hj/trading/web/build/classes/kotlin/main/com/g2s/trading/controller/TradingController.class]: Unsatisfied dependency expressed through constructor parameter 0: Error creating bean with name 'dreamAndHope' defined in file [/Users/kakao/Desktop/hj/trading/domain/build/classes/kotlin/main/com/g2s/trading/DreamAndHope.class]: Unsatisfied dependency expressed through constructor parameter 0: No qualifying bean of type 'com.g2s.trading.Binance' available: expected at least 1 bean which qualifies as autowire candidate. Dependency annotations: {}
2024-01-06 19:18:15.906[1704536295906] | INFO  | main       | o.a.catalina.core.StandardService    - Stopping service [Tomcat]
2024-01-06 19:18:15.912[1704536295912] | INFO  | main       | o.s.b.a.l.ConditionEvaluationReportLogger - 

Error starting ApplicationContext. To display the condition evaluation report re-run your application with 'debug' enabled.
2024-01-06 19:18:15.921[1704536295921] | ERROR | main       | o.s.b.d.LoggingFailureAnalysisReporter - 

***************************
APPLICATION FAILED TO START
***************************

Description:

Parameter 0 of constructor in com.g2s.trading.DreamAndHope required a bean of type 'com.g2s.trading.Binance' that could not be found.


Action:

Consider defining a bean of type 'com.g2s.trading.Binance' in your configuration.

2024-01-06 19:19:29.103[1704536369103] | INFO  | main       | c.g2s.trading.TradingApplicationKt   - Starting TradingApplicationKt using Java 17.0.6 with PID 68475 (/Users/kakao/Desktop/hj/trading/web/build/classes/kotlin/main started by kakao in /Users/kakao/Desktop/hj/trading)
2024-01-06 19:19:29.105[1704536369105] | INFO  | main       | c.g2s.trading.TradingApplicationKt   - No active profile set, falling back to 1 default profile: "default"
2024-01-06 19:19:29.538[1704536369538] | INFO  | main       | o.s.b.w.e.tomcat.TomcatWebServer     - Tomcat initialized with port 8080 (http)
2024-01-06 19:19:29.542[1704536369542] | INFO  | main       | o.a.coyote.http11.Http11NioProtocol  - Initializing ProtocolHandler ["http-nio-8080"]
2024-01-06 19:19:29.542[1704536369542] | INFO  | main       | o.a.catalina.core.StandardService    - Starting service [Tomcat]
2024-01-06 19:19:29.543[1704536369543] | INFO  | main       | o.a.catalina.core.StandardEngine     - Starting Servlet engine: [Apache Tomcat/10.1.16]
2024-01-06 19:19:29.574[1704536369574] | INFO  | main       | o.a.c.c.C.[Tomcat].[localhost].[/]   - Initializing Spring embedded WebApplicationContext
2024-01-06 19:19:29.575[1704536369575] | INFO  | main       | o.s.b.w.s.c.ServletWebServerApplicationContext - Root WebApplicationContext: initialization completed in 442 ms
2024-01-06 19:19:29.605[1704536369605] | WARN  | main       | o.s.b.w.s.c.AnnotationConfigServletWebServerApplicationContext - Exception encountered during context initialization - cancelling refresh attempt: org.springframework.beans.factory.UnsatisfiedDependencyException: Error creating bean with name 'tradingController' defined in file [/Users/kakao/Desktop/hj/trading/web/build/classes/kotlin/main/com/g2s/trading/controller/TradingController.class]: Unsatisfied dependency expressed through constructor parameter 0: Error creating bean with name 'dreamAndHope' defined in file [/Users/kakao/Desktop/hj/trading/domain/build/classes/kotlin/main/com/g2s/trading/DreamAndHope.class]: Unsatisfied dependency expressed through constructor parameter 0: No qualifying bean of type 'com.g2s.trading.Binance' available: expected at least 1 bean which qualifies as autowire candidate. Dependency annotations: {}
2024-01-06 19:19:29.606[1704536369606] | INFO  | main       | o.a.catalina.core.StandardService    - Stopping service [Tomcat]
2024-01-06 19:19:29.612[1704536369612] | INFO  | main       | o.s.b.a.l.ConditionEvaluationReportLogger - 

Error starting ApplicationContext. To display the condition evaluation report re-run your application with 'debug' enabled.
2024-01-06 19:19:29.620[1704536369620] | ERROR | main       | o.s.b.d.LoggingFailureAnalysisReporter - 

***************************
APPLICATION FAILED TO START
***************************

Description:

Parameter 0 of constructor in com.g2s.trading.DreamAndHope required a bean of type 'com.g2s.trading.Binance' that could not be found.


Action:

Consider defining a bean of type 'com.g2s.trading.Binance' in your configuration.

2024-01-06 19:20:21.323[1704536421323] | INFO  | main       | c.g2s.trading.TradingApplicationKt   - Starting TradingApplicationKt using Java 17.0.6 with PID 68527 (/Users/kakao/Desktop/hj/trading/web/build/classes/kotlin/main started by kakao in /Users/kakao/Desktop/hj/trading)
2024-01-06 19:20:21.324[1704536421324] | INFO  | main       | c.g2s.trading.TradingApplicationKt   - No active profile set, falling back to 1 default profile: "default"
2024-01-06 19:20:21.761[1704536421761] | INFO  | main       | o.s.b.w.e.tomcat.TomcatWebServer     - Tomcat initialized with port 8080 (http)
2024-01-06 19:20:21.765[1704536421765] | INFO  | main       | o.a.coyote.http11.Http11NioProtocol  - Initializing ProtocolHandler ["http-nio-8080"]
2024-01-06 19:20:21.766[1704536421766] | INFO  | main       | o.a.catalina.core.StandardService    - Starting service [Tomcat]
2024-01-06 19:20:21.766[1704536421766] | INFO  | main       | o.a.catalina.core.StandardEngine     - Starting Servlet engine: [Apache Tomcat/10.1.16]
2024-01-06 19:20:21.790[1704536421790] | INFO  | main       | o.a.c.c.C.[Tomcat].[localhost].[/]   - Initializing Spring embedded WebApplicationContext
2024-01-06 19:20:21.790[1704536421790] | INFO  | main       | o.s.b.w.s.c.ServletWebServerApplicationContext - Root WebApplicationContext: initialization completed in 434 ms
2024-01-06 19:20:21.819[1704536421819] | WARN  | main       | o.s.b.w.s.c.AnnotationConfigServletWebServerApplicationContext - Exception encountered during context initialization - cancelling refresh attempt: org.springframework.beans.factory.UnsatisfiedDependencyException: Error creating bean with name 'tradingController' defined in file [/Users/kakao/Desktop/hj/trading/web/build/classes/kotlin/main/com/g2s/trading/controller/TradingController.class]: Unsatisfied dependency expressed through constructor parameter 0: Error creating bean with name 'dreamAndHope' defined in file [/Users/kakao/Desktop/hj/trading/domain/build/classes/kotlin/main/com/g2s/trading/DreamAndHope.class]: Unsatisfied dependency expressed through constructor parameter 0: No qualifying bean of type 'com.g2s.trading.Exchange' available: expected at least 1 bean which qualifies as autowire candidate. Dependency annotations: {}
2024-01-06 19:20:21.820[1704536421820] | INFO  | main       | o.a.catalina.core.StandardService    - Stopping service [Tomcat]
2024-01-06 19:20:21.826[1704536421826] | INFO  | main       | o.s.b.a.l.ConditionEvaluationReportLogger - 

Error starting ApplicationContext. To display the condition evaluation report re-run your application with 'debug' enabled.
2024-01-06 19:20:21.834[1704536421834] | ERROR | main       | o.s.b.d.LoggingFailureAnalysisReporter - 

***************************
APPLICATION FAILED TO START
***************************

Description:

Parameter 0 of constructor in com.g2s.trading.DreamAndHope required a bean of type 'com.g2s.trading.Exchange' that could not be found.


Action:

Consider defining a bean of type 'com.g2s.trading.Exchange' in your configuration.

2024-01-06 19:22:17.993[1704536537993] | INFO  | main       | c.g2s.trading.TradingApplicationKt   - Starting TradingApplicationKt using Java 17.0.6 with PID 68645 (/Users/kakao/Desktop/hj/trading/web/build/classes/kotlin/main started by kakao in /Users/kakao/Desktop/hj/trading)
2024-01-06 19:22:17.995[1704536537995] | INFO  | main       | c.g2s.trading.TradingApplicationKt   - No active profile set, falling back to 1 default profile: "default"
2024-01-06 19:22:18.392[1704536538392] | INFO  | main       | o.s.b.w.e.tomcat.TomcatWebServer     - Tomcat initialized with port 8080 (http)
2024-01-06 19:22:18.401[1704536538401] | INFO  | main       | o.a.coyote.http11.Http11NioProtocol  - Initializing ProtocolHandler ["http-nio-8080"]
2024-01-06 19:22:18.402[1704536538402] | INFO  | main       | o.a.catalina.core.StandardService    - Starting service [Tomcat]
2024-01-06 19:22:18.402[1704536538402] | INFO  | main       | o.a.catalina.core.StandardEngine     - Starting Servlet engine: [Apache Tomcat/10.1.16]
2024-01-06 19:22:18.426[1704536538426] | INFO  | main       | o.a.c.c.C.[Tomcat].[localhost].[/]   - Initializing Spring embedded WebApplicationContext
2024-01-06 19:22:18.426[1704536538426] | INFO  | main       | o.s.b.w.s.c.ServletWebServerApplicationContext - Root WebApplicationContext: initialization completed in 406 ms
2024-01-06 19:22:18.454[1704536538454] | WARN  | main       | o.s.b.w.s.c.AnnotationConfigServletWebServerApplicationContext - Exception encountered during context initialization - cancelling refresh attempt: org.springframework.beans.factory.UnsatisfiedDependencyException: Error creating bean with name 'tradingController' defined in file [/Users/kakao/Desktop/hj/trading/web/build/classes/kotlin/main/com/g2s/trading/controller/TradingController.class]: Unsatisfied dependency expressed through constructor parameter 0: Error creating bean with name 'dreamAndHope' defined in file [/Users/kakao/Desktop/hj/trading/domain/build/classes/kotlin/main/com/g2s/trading/DreamAndHope.class]: Unsatisfied dependency expressed through constructor parameter 0: No qualifying bean of type 'com.g2s.trading.Exchange' available: expected at least 1 bean which qualifies as autowire candidate. Dependency annotations: {}
2024-01-06 19:22:18.455[1704536538455] | INFO  | main       | o.a.catalina.core.StandardService    - Stopping service [Tomcat]
2024-01-06 19:22:18.461[1704536538461] | INFO  | main       | o.s.b.a.l.ConditionEvaluationReportLogger - 

Error starting ApplicationContext. To display the condition evaluation report re-run your application with 'debug' enabled.
2024-01-06 19:22:18.469[1704536538469] | ERROR | main       | o.s.b.d.LoggingFailureAnalysisReporter - 

***************************
APPLICATION FAILED TO START
***************************

Description:

Parameter 0 of constructor in com.g2s.trading.DreamAndHope required a bean of type 'com.g2s.trading.Exchange' that could not be found.


Action:

Consider defining a bean of type 'com.g2s.trading.Exchange' in your configuration.

2024-01-06 19:22:33.307[1704536553307] | INFO  | main       | c.g2s.trading.TradingApplicationKt   - Starting TradingApplicationKt using Java 17.0.6 with PID 68664 (/Users/kakao/Desktop/hj/trading/web/build/classes/kotlin/main started by kakao in /Users/kakao/Desktop/hj/trading)
2024-01-06 19:22:33.310[1704536553310] | INFO  | main       | c.g2s.trading.TradingApplicationKt   - No active profile set, falling back to 1 default profile: "default"
2024-01-06 19:22:33.815[1704536553815] | INFO  | main       | o.s.b.w.e.tomcat.TomcatWebServer     - Tomcat initialized with port 8080 (http)
2024-01-06 19:22:33.819[1704536553819] | INFO  | main       | o.a.coyote.http11.Http11NioProtocol  - Initializing ProtocolHandler ["http-nio-8080"]
2024-01-06 19:22:33.820[1704536553820] | INFO  | main       | o.a.catalina.core.StandardService    - Starting service [Tomcat]
2024-01-06 19:22:33.820[1704536553820] | INFO  | main       | o.a.catalina.core.StandardEngine     - Starting Servlet engine: [Apache Tomcat/10.1.16]
2024-01-06 19:22:33.863[1704536553863] | INFO  | main       | o.a.c.c.C.[Tomcat].[localhost].[/]   - Initializing Spring embedded WebApplicationContext
2024-01-06 19:22:33.863[1704536553863] | INFO  | main       | o.s.b.w.s.c.ServletWebServerApplicationContext - Root WebApplicationContext: initialization completed in 491 ms
2024-01-06 19:22:33.900[1704536553900] | WARN  | main       | o.s.b.w.s.c.AnnotationConfigServletWebServerApplicationContext - Exception encountered during context initialization - cancelling refresh attempt: org.springframework.beans.factory.UnsatisfiedDependencyException: Error creating bean with name 'tradingController' defined in file [/Users/kakao/Desktop/hj/trading/web/build/classes/kotlin/main/com/g2s/trading/controller/TradingController.class]: Unsatisfied dependency expressed through constructor parameter 0: Error creating bean with name 'dreamAndHope' defined in file [/Users/kakao/Desktop/hj/trading/domain/build/classes/kotlin/main/com/g2s/trading/DreamAndHope.class]: Unsatisfied dependency expressed through constructor parameter 0: No qualifying bean of type 'com.g2s.trading.Exchange' available: expected at least 1 bean which qualifies as autowire candidate. Dependency annotations: {}
2024-01-06 19:22:33.902[1704536553902] | INFO  | main       | o.a.catalina.core.StandardService    - Stopping service [Tomcat]
2024-01-06 19:22:33.908[1704536553908] | INFO  | main       | o.s.b.a.l.ConditionEvaluationReportLogger - 

Error starting ApplicationContext. To display the condition evaluation report re-run your application with 'debug' enabled.
2024-01-06 19:22:33.916[1704536553916] | ERROR | main       | o.s.b.d.LoggingFailureAnalysisReporter - 

***************************
APPLICATION FAILED TO START
***************************

Description:

Parameter 0 of constructor in com.g2s.trading.DreamAndHope required a bean of type 'com.g2s.trading.Exchange' that could not be found.


Action:

Consider defining a bean of type 'com.g2s.trading.Exchange' in your configuration.

2024-01-06 19:22:40.319[1704536560319] | INFO  | main       | c.g2s.trading.TradingApplicationKt   - Starting TradingApplicationKt using Java 17.0.6 with PID 68683 (/Users/kakao/Desktop/hj/trading/web/build/classes/kotlin/main started by kakao in /Users/kakao/Desktop/hj/trading)
2024-01-06 19:22:40.321[1704536560321] | INFO  | main       | c.g2s.trading.TradingApplicationKt   - No active profile set, falling back to 1 default profile: "default"
2024-01-06 19:22:40.780[1704536560780] | INFO  | main       | o.s.b.w.e.tomcat.TomcatWebServer     - Tomcat initialized with port 8080 (http)
2024-01-06 19:22:40.784[1704536560784] | INFO  | main       | o.a.coyote.http11.Http11NioProtocol  - Initializing ProtocolHandler ["http-nio-8080"]
2024-01-06 19:22:40.784[1704536560784] | INFO  | main       | o.a.catalina.core.StandardService    - Starting service [Tomcat]
2024-01-06 19:22:40.784[1704536560784] | INFO  | main       | o.a.catalina.core.StandardEngine     - Starting Servlet engine: [Apache Tomcat/10.1.16]
2024-01-06 19:22:40.814[1704536560814] | INFO  | main       | o.a.c.c.C.[Tomcat].[localhost].[/]   - Initializing Spring embedded WebApplicationContext
2024-01-06 19:22:40.814[1704536560814] | INFO  | main       | o.s.b.w.s.c.ServletWebServerApplicationContext - Root WebApplicationContext: initialization completed in 467 ms
2024-01-06 19:22:40.854[1704536560854] | WARN  | main       | o.s.b.w.s.c.AnnotationConfigServletWebServerApplicationContext - Exception encountered during context initialization - cancelling refresh attempt: org.springframework.beans.factory.UnsatisfiedDependencyException: Error creating bean with name 'tradingController' defined in file [/Users/kakao/Desktop/hj/trading/web/build/classes/kotlin/main/com/g2s/trading/controller/TradingController.class]: Unsatisfied dependency expressed through constructor parameter 0: Error creating bean with name 'dreamAndHope' defined in file [/Users/kakao/Desktop/hj/trading/domain/build/classes/kotlin/main/com/g2s/trading/DreamAndHope.class]: Unsatisfied dependency expressed through constructor parameter 0: No qualifying bean of type 'com.g2s.trading.Exchange' available: expected at least 1 bean which qualifies as autowire candidate. Dependency annotations: {}
2024-01-06 19:22:40.856[1704536560856] | INFO  | main       | o.a.catalina.core.StandardService    - Stopping service [Tomcat]
2024-01-06 19:22:40.862[1704536560862] | INFO  | main       | o.s.b.a.l.ConditionEvaluationReportLogger - 

Error starting ApplicationContext. To display the condition evaluation report re-run your application with 'debug' enabled.
2024-01-06 19:22:40.870[1704536560870] | ERROR | main       | o.s.b.d.LoggingFailureAnalysisReporter - 

***************************
APPLICATION FAILED TO START
***************************

Description:

Parameter 0 of constructor in com.g2s.trading.DreamAndHope required a bean of type 'com.g2s.trading.Exchange' that could not be found.


Action:

Consider defining a bean of type 'com.g2s.trading.Exchange' in your configuration.

2024-01-06 19:23:48.375[1704536628375] | INFO  | main       | c.g2s.trading.TradingApplicationKt   - Starting TradingApplicationKt using Java 17.0.6 with PID 68748 (/Users/kakao/Desktop/hj/trading/web/build/classes/kotlin/main started by kakao in /Users/kakao/Desktop/hj/trading)
2024-01-06 19:23:48.377[1704536628377] | INFO  | main       | c.g2s.trading.TradingApplicationKt   - No active profile set, falling back to 1 default profile: "default"
2024-01-06 19:23:48.842[1704536628842] | INFO  | main       | o.s.b.w.e.tomcat.TomcatWebServer     - Tomcat initialized with port 8080 (http)
2024-01-06 19:23:48.845[1704536628845] | INFO  | main       | o.a.coyote.http11.Http11NioProtocol  - Initializing ProtocolHandler ["http-nio-8080"]
2024-01-06 19:23:48.846[1704536628846] | INFO  | main       | o.a.catalina.core.StandardService    - Starting service [Tomcat]
2024-01-06 19:23:48.846[1704536628846] | INFO  | main       | o.a.catalina.core.StandardEngine     - Starting Servlet engine: [Apache Tomcat/10.1.16]
2024-01-06 19:23:48.871[1704536628871] | INFO  | main       | o.a.c.c.C.[Tomcat].[localhost].[/]   - Initializing Spring embedded WebApplicationContext
2024-01-06 19:23:48.871[1704536628871] | INFO  | main       | o.s.b.w.s.c.ServletWebServerApplicationContext - Root WebApplicationContext: initialization completed in 464 ms
2024-01-06 19:23:48.900[1704536628900] | WARN  | main       | o.s.b.w.s.c.AnnotationConfigServletWebServerApplicationContext - Exception encountered during context initialization - cancelling refresh attempt: org.springframework.beans.factory.UnsatisfiedDependencyException: Error creating bean with name 'tradingController' defined in file [/Users/kakao/Desktop/hj/trading/web/build/classes/kotlin/main/com/g2s/trading/controller/TradingController.class]: Unsatisfied dependency expressed through constructor parameter 0: Error creating bean with name 'dreamAndHope' defined in file [/Users/kakao/Desktop/hj/trading/domain/build/classes/kotlin/main/com/g2s/trading/DreamAndHope.class]: Unsatisfied dependency expressed through constructor parameter 0: No qualifying bean of type 'com.g2s.trading.Exchange' available: expected at least 1 bean which qualifies as autowire candidate. Dependency annotations: {}
2024-01-06 19:23:48.901[1704536628901] | INFO  | main       | o.a.catalina.core.StandardService    - Stopping service [Tomcat]
2024-01-06 19:23:48.907[1704536628907] | INFO  | main       | o.s.b.a.l.ConditionEvaluationReportLogger - 

Error starting ApplicationContext. To display the condition evaluation report re-run your application with 'debug' enabled.
2024-01-06 19:23:48.914[1704536628914] | ERROR | main       | o.s.b.d.LoggingFailureAnalysisReporter - 

***************************
APPLICATION FAILED TO START
***************************

Description:

Parameter 0 of constructor in com.g2s.trading.DreamAndHope required a bean of type 'com.g2s.trading.Exchange' that could not be found.


Action:

Consider defining a bean of type 'com.g2s.trading.Exchange' in your configuration.

2024-01-06 19:23:58.967[1704536638967] | INFO  | main       | c.g2s.trading.TradingApplicationKt   - Starting TradingApplicationKt using Java 17.0.6 with PID 68756 (/Users/kakao/Desktop/hj/trading/web/build/classes/kotlin/main started by kakao in /Users/kakao/Desktop/hj/trading)
2024-01-06 19:23:58.968[1704536638968] | INFO  | main       | c.g2s.trading.TradingApplicationKt   - No active profile set, falling back to 1 default profile: "default"
2024-01-06 19:23:59.455[1704536639455] | INFO  | main       | o.s.b.w.e.tomcat.TomcatWebServer     - Tomcat initialized with port 8080 (http)
2024-01-06 19:23:59.459[1704536639459] | INFO  | main       | o.a.coyote.http11.Http11NioProtocol  - Initializing ProtocolHandler ["http-nio-8080"]
2024-01-06 19:23:59.460[1704536639460] | INFO  | main       | o.a.catalina.core.StandardService    - Starting service [Tomcat]
2024-01-06 19:23:59.460[1704536639460] | INFO  | main       | o.a.catalina.core.StandardEngine     - Starting Servlet engine: [Apache Tomcat/10.1.16]
2024-01-06 19:23:59.485[1704536639485] | INFO  | main       | o.a.c.c.C.[Tomcat].[localhost].[/]   - Initializing Spring embedded WebApplicationContext
2024-01-06 19:23:59.485[1704536639485] | INFO  | main       | o.s.b.w.s.c.ServletWebServerApplicationContext - Root WebApplicationContext: initialization completed in 490 ms
2024-01-06 19:23:59.517[1704536639517] | WARN  | main       | o.s.b.w.s.c.AnnotationConfigServletWebServerApplicationContext - Exception encountered during context initialization - cancelling refresh attempt: org.springframework.beans.factory.UnsatisfiedDependencyException: Error creating bean with name 'tradingController' defined in file [/Users/kakao/Desktop/hj/trading/web/build/classes/kotlin/main/com/g2s/trading/controller/TradingController.class]: Unsatisfied dependency expressed through constructor parameter 0: Error creating bean with name 'dreamAndHope' defined in file [/Users/kakao/Desktop/hj/trading/domain/build/classes/kotlin/main/com/g2s/trading/DreamAndHope.class]: Unsatisfied dependency expressed through constructor parameter 0: No qualifying bean of type 'com.g2s.trading.Exchange' available: expected at least 1 bean which qualifies as autowire candidate. Dependency annotations: {}
2024-01-06 19:23:59.519[1704536639519] | INFO  | main       | o.a.catalina.core.StandardService    - Stopping service [Tomcat]
2024-01-06 19:23:59.525[1704536639525] | INFO  | main       | o.s.b.a.l.ConditionEvaluationReportLogger - 

Error starting ApplicationContext. To display the condition evaluation report re-run your application with 'debug' enabled.
2024-01-06 19:23:59.534[1704536639534] | ERROR | main       | o.s.b.d.LoggingFailureAnalysisReporter - 

***************************
APPLICATION FAILED TO START
***************************

Description:

Parameter 0 of constructor in com.g2s.trading.DreamAndHope required a bean of type 'com.g2s.trading.Exchange' that could not be found.


Action:

Consider defining a bean of type 'com.g2s.trading.Exchange' in your configuration.

2024-01-06 19:26:49.016[1704536809016] | INFO  | main       | c.g2s.trading.TradingApplicationKt   - Starting TradingApplicationKt using Java 17.0.6 with PID 68912 (/Users/kakao/Desktop/hj/trading/web/build/classes/kotlin/main started by kakao in /Users/kakao/Desktop/hj/trading)
2024-01-06 19:26:49.018[1704536809018] | INFO  | main       | c.g2s.trading.TradingApplicationKt   - No active profile set, falling back to 1 default profile: "default"
2024-01-06 19:26:49.456[1704536809456] | INFO  | main       | o.s.b.w.e.tomcat.TomcatWebServer     - Tomcat initialized with port 8080 (http)
2024-01-06 19:26:49.460[1704536809460] | INFO  | main       | o.a.coyote.http11.Http11NioProtocol  - Initializing ProtocolHandler ["http-nio-8080"]
2024-01-06 19:26:49.461[1704536809461] | INFO  | main       | o.a.catalina.core.StandardService    - Starting service [Tomcat]
2024-01-06 19:26:49.461[1704536809461] | INFO  | main       | o.a.catalina.core.StandardEngine     - Starting Servlet engine: [Apache Tomcat/10.1.16]
2024-01-06 19:26:49.486[1704536809486] | INFO  | main       | o.a.c.c.C.[Tomcat].[localhost].[/]   - Initializing Spring embedded WebApplicationContext
2024-01-06 19:26:49.487[1704536809487] | INFO  | main       | o.s.b.w.s.c.ServletWebServerApplicationContext - Root WebApplicationContext: initialization completed in 436 ms
2024-01-06 19:26:49.520[1704536809520] | WARN  | main       | o.s.b.w.s.c.AnnotationConfigServletWebServerApplicationContext - Exception encountered during context initialization - cancelling refresh attempt: org.springframework.beans.factory.UnsatisfiedDependencyException: Error creating bean with name 'indicatorUseCase' defined in file [/Users/kakao/Desktop/hj/trading/domain/build/classes/kotlin/main/com/g2s/trading/IndicatorUseCase.class]: Unsatisfied dependency expressed through constructor parameter 0: No qualifying bean of type 'com.g2s.trading.Strategy' available: expected at least 1 bean which qualifies as autowire candidate. Dependency annotations: {}
2024-01-06 19:26:49.521[1704536809521] | INFO  | main       | o.a.catalina.core.StandardService    - Stopping service [Tomcat]
2024-01-06 19:26:49.531[1704536809531] | INFO  | main       | o.s.b.a.l.ConditionEvaluationReportLogger - 

Error starting ApplicationContext. To display the condition evaluation report re-run your application with 'debug' enabled.
2024-01-06 19:26:49.540[1704536809540] | ERROR | main       | o.s.b.d.LoggingFailureAnalysisReporter - 

***************************
APPLICATION FAILED TO START
***************************

Description:

Parameter 0 of constructor in com.g2s.trading.IndicatorUseCase required a bean of type 'com.g2s.trading.Strategy' that could not be found.


Action:

Consider defining a bean of type 'com.g2s.trading.Strategy' in your configuration.

2024-01-06 19:27:04.736[1704536824736] | INFO  | main       | c.g2s.trading.TradingApplicationKt   - Starting TradingApplicationKt using Java 17.0.6 with PID 68919 (/Users/kakao/Desktop/hj/trading/web/build/classes/kotlin/main started by kakao in /Users/kakao/Desktop/hj/trading)
2024-01-06 19:27:04.741[1704536824741] | INFO  | main       | c.g2s.trading.TradingApplicationKt   - No active profile set, falling back to 1 default profile: "default"
2024-01-06 19:27:05.204[1704536825204] | INFO  | main       | o.s.b.w.e.tomcat.TomcatWebServer     - Tomcat initialized with port 8080 (http)
2024-01-06 19:27:05.208[1704536825208] | INFO  | main       | o.a.coyote.http11.Http11NioProtocol  - Initializing ProtocolHandler ["http-nio-8080"]
2024-01-06 19:27:05.208[1704536825208] | INFO  | main       | o.a.catalina.core.StandardService    - Starting service [Tomcat]
2024-01-06 19:27:05.208[1704536825208] | INFO  | main       | o.a.catalina.core.StandardEngine     - Starting Servlet engine: [Apache Tomcat/10.1.16]
2024-01-06 19:27:05.249[1704536825249] | INFO  | main       | o.a.c.c.C.[Tomcat].[localhost].[/]   - Initializing Spring embedded WebApplicationContext
2024-01-06 19:27:05.249[1704536825249] | INFO  | main       | o.s.b.w.s.c.ServletWebServerApplicationContext - Root WebApplicationContext: initialization completed in 469 ms
2024-01-06 19:27:05.288[1704536825288] | WARN  | main       | o.s.b.w.s.c.AnnotationConfigServletWebServerApplicationContext - Exception encountered during context initialization - cancelling refresh attempt: org.springframework.beans.factory.UnsatisfiedDependencyException: Error creating bean with name 'jobScheduler' defined in file [/Users/kakao/Desktop/hj/trading/domain/build/classes/kotlin/main/com/g2s/trading/JobScheduler.class]: Unsatisfied dependency expressed through constructor parameter 0: No qualifying bean of type 'org.springframework.scheduling.concurrent.ThreadPoolTaskScheduler' available: expected at least 1 bean which qualifies as autowire candidate. Dependency annotations: {}
2024-01-06 19:27:05.289[1704536825289] | INFO  | main       | o.a.catalina.core.StandardService    - Stopping service [Tomcat]
2024-01-06 19:27:05.295[1704536825295] | INFO  | main       | o.s.b.a.l.ConditionEvaluationReportLogger - 

Error starting ApplicationContext. To display the condition evaluation report re-run your application with 'debug' enabled.
2024-01-06 19:27:05.303[1704536825303] | ERROR | main       | o.s.b.d.LoggingFailureAnalysisReporter - 

***************************
APPLICATION FAILED TO START
***************************

Description:

Parameter 0 of constructor in com.g2s.trading.JobScheduler required a bean of type 'org.springframework.scheduling.concurrent.ThreadPoolTaskScheduler' that could not be found.


Action:

Consider defining a bean of type 'org.springframework.scheduling.concurrent.ThreadPoolTaskScheduler' in your configuration.

2024-01-06 19:27:37.791[1704536857791] | INFO  | main       | c.g2s.trading.TradingApplicationKt   - Starting TradingApplicationKt using Java 17.0.6 with PID 68948 (/Users/kakao/Desktop/hj/trading/web/build/classes/kotlin/main started by kakao in /Users/kakao/Desktop/hj/trading)
2024-01-06 19:27:37.792[1704536857792] | INFO  | main       | c.g2s.trading.TradingApplicationKt   - No active profile set, falling back to 1 default profile: "default"
2024-01-06 19:27:38.283[1704536858283] | INFO  | main       | o.s.b.w.e.tomcat.TomcatWebServer     - Tomcat initialized with port 8080 (http)
2024-01-06 19:27:38.287[1704536858287] | INFO  | main       | o.a.coyote.http11.Http11NioProtocol  - Initializing ProtocolHandler ["http-nio-8080"]
2024-01-06 19:27:38.288[1704536858288] | INFO  | main       | o.a.catalina.core.StandardService    - Starting service [Tomcat]
2024-01-06 19:27:38.288[1704536858288] | INFO  | main       | o.a.catalina.core.StandardEngine     - Starting Servlet engine: [Apache Tomcat/10.1.16]
2024-01-06 19:27:38.313[1704536858313] | INFO  | main       | o.a.c.c.C.[Tomcat].[localhost].[/]   - Initializing Spring embedded WebApplicationContext
2024-01-06 19:27:38.314[1704536858314] | INFO  | main       | o.s.b.w.s.c.ServletWebServerApplicationContext - Root WebApplicationContext: initialization completed in 494 ms
2024-01-06 19:27:38.350[1704536858350] | WARN  | main       | o.s.b.w.s.c.AnnotationConfigServletWebServerApplicationContext - Exception encountered during context initialization - cancelling refresh attempt: org.springframework.beans.factory.UnsatisfiedDependencyException: Error creating bean with name 'tradeHistoryUseCase' defined in file [/Users/kakao/Desktop/hj/trading/domain/build/classes/kotlin/main/com/g2s/trading/TradeHistoryUseCase.class]: Unsatisfied dependency expressed through constructor parameter 0: No qualifying bean of type 'com.g2s.trading.TradeHistoryRepository' available: expected at least 1 bean which qualifies as autowire candidate. Dependency annotations: {}
2024-01-06 19:27:38.352[1704536858352] | INFO  | main       | o.a.catalina.core.StandardService    - Stopping service [Tomcat]
2024-01-06 19:27:38.357[1704536858357] | INFO  | main       | o.s.b.a.l.ConditionEvaluationReportLogger - 

Error starting ApplicationContext. To display the condition evaluation report re-run your application with 'debug' enabled.
2024-01-06 19:27:38.366[1704536858366] | ERROR | main       | o.s.b.d.LoggingFailureAnalysisReporter - 

***************************
APPLICATION FAILED TO START
***************************

Description:

Parameter 0 of constructor in com.g2s.trading.TradeHistoryUseCase required a bean of type 'com.g2s.trading.TradeHistoryRepository' that could not be found.


Action:

Consider defining a bean of type 'com.g2s.trading.TradeHistoryRepository' in your configuration.

2024-01-06 19:27:49.962[1704536869962] | INFO  | main       | c.g2s.trading.TradingApplicationKt   - Starting TradingApplicationKt using Java 17.0.6 with PID 68963 (/Users/kakao/Desktop/hj/trading/web/build/classes/kotlin/main started by kakao in /Users/kakao/Desktop/hj/trading)
2024-01-06 19:27:49.963[1704536869963] | INFO  | main       | c.g2s.trading.TradingApplicationKt   - No active profile set, falling back to 1 default profile: "default"
2024-01-06 19:27:50.425[1704536870425] | INFO  | main       | o.s.b.w.e.tomcat.TomcatWebServer     - Tomcat initialized with port 8080 (http)
2024-01-06 19:27:50.429[1704536870429] | INFO  | main       | o.a.coyote.http11.Http11NioProtocol  - Initializing ProtocolHandler ["http-nio-8080"]
2024-01-06 19:27:50.429[1704536870429] | INFO  | main       | o.a.catalina.core.StandardService    - Starting service [Tomcat]
2024-01-06 19:27:50.429[1704536870429] | INFO  | main       | o.a.catalina.core.StandardEngine     - Starting Servlet engine: [Apache Tomcat/10.1.16]
2024-01-06 19:27:50.458[1704536870458] | INFO  | main       | o.a.c.c.C.[Tomcat].[localhost].[/]   - Initializing Spring embedded WebApplicationContext
2024-01-06 19:27:50.459[1704536870459] | INFO  | main       | o.s.b.w.s.c.ServletWebServerApplicationContext - Root WebApplicationContext: initialization completed in 459 ms
2024-01-06 19:27:50.627[1704536870627] | INFO  | main       | o.a.coyote.http11.Http11NioProtocol  - Starting ProtocolHandler ["http-nio-8080"]
2024-01-06 19:27:50.635[1704536870635] | INFO  | main       | o.s.b.w.e.tomcat.TomcatWebServer     - Tomcat started on port 8080 (http) with context path ''
2024-01-06 19:27:50.639[1704536870639] | INFO  | main       | c.g2s.trading.TradingApplicationKt   - Started TradingApplicationKt in 0.83 seconds (process running for 1.212)
2024-01-06 19:33:17.117[1704537197117] | INFO  | main       | c.g2s.trading.TradingApplicationKt   - Starting TradingApplicationKt using Java 17.0.6 with PID 69878 (/Users/kakao/Desktop/hj/trading/web/build/classes/kotlin/main started by kakao in /Users/kakao/Desktop/hj/trading)
2024-01-06 19:33:17.118[1704537197118] | INFO  | main       | c.g2s.trading.TradingApplicationKt   - No active profile set, falling back to 1 default profile: "default"
2024-01-06 19:33:17.597[1704537197597] | INFO  | main       | o.s.b.w.e.tomcat.TomcatWebServer     - Tomcat initialized with port 8080 (http)
2024-01-06 19:33:17.600[1704537197600] | INFO  | main       | o.a.coyote.http11.Http11NioProtocol  - Initializing ProtocolHandler ["http-nio-8080"]
2024-01-06 19:33:17.601[1704537197601] | INFO  | main       | o.a.catalina.core.StandardService    - Starting service [Tomcat]
2024-01-06 19:33:17.601[1704537197601] | INFO  | main       | o.a.catalina.core.StandardEngine     - Starting Servlet engine: [Apache Tomcat/10.1.16]
2024-01-06 19:33:17.626[1704537197626] | INFO  | main       | o.a.c.c.C.[Tomcat].[localhost].[/]   - Initializing Spring embedded WebApplicationContext
2024-01-06 19:33:17.626[1704537197626] | INFO  | main       | o.s.b.w.s.c.ServletWebServerApplicationContext - Root WebApplicationContext: initialization completed in 483 ms
2024-01-06 19:33:17.794[1704537197794] | INFO  | main       | o.a.coyote.http11.Http11NioProtocol  - Starting ProtocolHandler ["http-nio-8080"]
2024-01-06 19:33:17.801[1704537197801] | INFO  | main       | o.s.b.w.e.tomcat.TomcatWebServer     - Tomcat started on port 8080 (http) with context path ''
2024-01-06 19:33:17.805[1704537197805] | INFO  | main       | c.g2s.trading.TradingApplicationKt   - Started TradingApplicationKt in 0.864 seconds (process running for 1.23)
2024-01-06 19:33:24.396[1704537204396] | INFO  | http-nio-8080-exec-1 | o.a.c.c.C.[Tomcat].[localhost].[/]   - Initializing Spring DispatcherServlet 'dispatcherServlet'
2024-01-06 19:33:24.396[1704537204396] | INFO  | http-nio-8080-exec-1 | o.s.web.servlet.DispatcherServlet    - Initializing Servlet 'dispatcherServlet'
2024-01-06 19:33:24.397[1704537204397] | INFO  | http-nio-8080-exec-1 | o.s.web.servlet.DispatcherServlet    - Completed initialization in 1 ms
2024-01-06 19:34:02.166[1704537242166] | INFO  | http-nio-8080-exec-1 | c.b.c.f.client.utils.RequestHandler  - GET https://testnet.binancefuture.com/fapi/v2/balance?timestamp=1704537242158&signature=a8109aa8de34d9fb70728cc755a36d3beb9b7d0f567bba9aae688757f0c3f746
2024-01-06 19:34:03.207[1704537243207] | INFO  | http-nio-8080-exec-1 | c.b.c.f.client.utils.RequestHandler  - GET https://testnet.binancefuture.com/fapi/v2/balance?timestamp=1704537243207&signature=6d1cdd35e9ec2db213612877d3c408066550f51698e14127ce64fa4f9ddc57f4
2024-01-06 19:34:04.219[1704537244219] | INFO  | http-nio-8080-exec-1 | c.b.c.f.client.utils.RequestHandler  - GET https://testnet.binancefuture.com/fapi/v2/balance?timestamp=1704537244219&signature=eb65fcf698429be7fb69db225f8f74bb85299dca1a737a98eed2a14b34e7649e
2024-01-06 19:34:05.237[1704537245237] | INFO  | http-nio-8080-exec-1 | c.b.c.f.client.utils.RequestHandler  - GET https://testnet.binancefuture.com/fapi/v2/balance?timestamp=1704537245237&signature=14e7c6e506759feeb9eda1ba1ef53007e1a8518dceb60559b371bd815abcdb8a
2024-01-06 19:34:57.874[1704537297874] | INFO  | http-nio-8080-exec-1 | c.b.c.f.client.utils.RequestHandler  - GET https://testnet.binancefuture.com/fapi/v2/balance?asset=USDT&timestamp=1704537297873&signature=f362a811b0f72adfe08642dd2e0e6d78c5032ffbc1a6af9c60b2eccffaa83230
2024-01-06 19:37:48.831[1704537468831] | INFO  | http-nio-8080-exec-1 | c.b.c.f.client.utils.RequestHandler  - GET https://testnet.binancefuture.com/fapi/v2/balance?symbol=USDT&timestamp=1704537468831&signature=e81e130a20823039a9d8381c7f2178b78da571af581346b8c8772a02a3a048f0
2024-01-06 19:43:03.880[1704537783880] | INFO  | http-nio-8080-exec-1 | c.b.c.f.client.utils.RequestHandler  - GET https://testnet.binancefuture.com/fapi/v2/balance?timestamp=1704537783879&signature=1841f863877774a61067f3ab51512a21362149d3a3cfe0ccafac6920d9f19200
2024-01-06 19:44:40.917[1704537880917] | INFO  | main       | c.g2s.trading.TradingApplicationKt   - Starting TradingApplicationKt using Java 17.0.6 with PID 70461 (/Users/kakao/Desktop/hj/trading/web/build/classes/kotlin/main started by kakao in /Users/kakao/Desktop/hj/trading)
2024-01-06 19:44:40.919[1704537880919] | INFO  | main       | c.g2s.trading.TradingApplicationKt   - No active profile set, falling back to 1 default profile: "default"
2024-01-06 19:44:41.493[1704537881493] | INFO  | main       | o.s.b.w.e.tomcat.TomcatWebServer     - Tomcat initialized with port 8080 (http)
2024-01-06 19:44:41.497[1704537881497] | INFO  | main       | o.a.coyote.http11.Http11NioProtocol  - Initializing ProtocolHandler ["http-nio-8080"]
2024-01-06 19:44:41.498[1704537881498] | INFO  | main       | o.a.catalina.core.StandardService    - Starting service [Tomcat]
2024-01-06 19:44:41.498[1704537881498] | INFO  | main       | o.a.catalina.core.StandardEngine     - Starting Servlet engine: [Apache Tomcat/10.1.16]
2024-01-06 19:44:41.524[1704537881524] | INFO  | main       | o.a.c.c.C.[Tomcat].[localhost].[/]   - Initializing Spring embedded WebApplicationContext
2024-01-06 19:44:41.525[1704537881525] | INFO  | main       | o.s.b.w.s.c.ServletWebServerApplicationContext - Root WebApplicationContext: initialization completed in 567 ms
2024-01-06 19:44:41.701[1704537881701] | INFO  | main       | o.a.coyote.http11.Http11NioProtocol  - Starting ProtocolHandler ["http-nio-8080"]
2024-01-06 19:44:41.709[1704537881709] | INFO  | main       | o.s.b.w.e.tomcat.TomcatWebServer     - Tomcat started on port 8080 (http) with context path ''
2024-01-06 19:44:41.713[1704537881713] | INFO  | main       | c.g2s.trading.TradingApplicationKt   - Started TradingApplicationKt in 0.967 seconds (process running for 1.365)
2024-01-06 19:44:47.384[1704537887384] | INFO  | http-nio-8080-exec-1 | o.a.c.c.C.[Tomcat].[localhost].[/]   - Initializing Spring DispatcherServlet 'dispatcherServlet'
2024-01-06 19:44:47.384[1704537887384] | INFO  | http-nio-8080-exec-1 | o.s.web.servlet.DispatcherServlet    - Initializing Servlet 'dispatcherServlet'
2024-01-06 19:44:47.384[1704537887384] | INFO  | http-nio-8080-exec-1 | o.s.web.servlet.DispatcherServlet    - Completed initialization in 0 ms
2024-01-06 19:44:47.408[1704537887408] | INFO  | http-nio-8080-exec-1 | c.b.c.f.client.utils.RequestHandler  - GET https://testnet.binancefuture.com/fapi/v2/balance?timestamp=1704537887400&signature=6716b5ed19618353ad1a520df2b75b1369da5d53be75753371de3a664016f09b
2024-01-06 19:44:47.714[1704537887714] | ERROR | http-nio-8080-exec-1 | o.a.c.c.C.[.[.[.[dispatcherServlet]  - Servlet.service() for servlet [dispatcherServlet] in context with path [] threw exception [Request processing failed: java.lang.ClassCastException: class java.lang.String cannot be cast to class com.fasterxml.jackson.databind.node.ArrayNode (java.lang.String is in module java.base of loader 'bootstrap'; com.fasterxml.jackson.databind.node.ArrayNode is in unnamed module of loader 'app')] with root cause
java.lang.ClassCastException: class java.lang.String cannot be cast to class com.fasterxml.jackson.databind.node.ArrayNode (java.lang.String is in module java.base of loader 'bootstrap'; com.fasterxml.jackson.databind.node.ArrayNode is in unnamed module of loader 'app')
	at com.g2s.trading.exchange.ExchangeImpl.getAccount(ExchangeImpl.kt:15)
	at com.g2s.trading.DreamAndHope.test(DreamAndHope.kt:11)
	at com.g2s.trading.controller.TradingController.test(TradingController.kt:14)
	at java.base/jdk.internal.reflect.NativeMethodAccessorImpl.invoke0(Native Method)
	at java.base/jdk.internal.reflect.NativeMethodAccessorImpl.invoke(NativeMethodAccessorImpl.java:77)
	at java.base/jdk.internal.reflect.DelegatingMethodAccessorImpl.invoke(DelegatingMethodAccessorImpl.java:43)
	at java.base/java.lang.reflect.Method.invoke(Method.java:568)
	at kotlin.reflect.jvm.internal.calls.CallerImpl$Method.callMethod(CallerImpl.kt:97)
	at kotlin.reflect.jvm.internal.calls.CallerImpl$Method$Instance.call(CallerImpl.kt:113)
	at kotlin.reflect.jvm.internal.KCallableImpl.callDefaultMethod$kotlin_reflection(KCallableImpl.kt:207)
	at kotlin.reflect.jvm.internal.KCallableImpl.callBy(KCallableImpl.kt:112)
	at org.springframework.web.method.support.InvocableHandlerMethod$KotlinDelegate.invokeFunction(InvocableHandlerMethod.java:319)
	at org.springframework.web.method.support.InvocableHandlerMethod.doInvoke(InvocableHandlerMethod.java:251)
	at org.springframework.web.method.support.InvocableHandlerMethod.invokeForRequest(InvocableHandlerMethod.java:182)
	at org.springframework.web.servlet.mvc.method.annotation.ServletInvocableHandlerMethod.invokeAndHandle(ServletInvocableHandlerMethod.java:118)
	at org.springframework.web.servlet.mvc.method.annotation.RequestMappingHandlerAdapter.invokeHandlerMethod(RequestMappingHandlerAdapter.java:917)
	at org.springframework.web.servlet.mvc.method.annotation.RequestMappingHandlerAdapter.handleInternal(RequestMappingHandlerAdapter.java:829)
	at org.springframework.web.servlet.mvc.method.AbstractHandlerMethodAdapter.handle(AbstractHandlerMethodAdapter.java:87)
	at org.springframework.web.servlet.DispatcherServlet.doDispatch(DispatcherServlet.java:1089)
	at org.springframework.web.servlet.DispatcherServlet.doService(DispatcherServlet.java:979)
	at org.springframework.web.servlet.FrameworkServlet.processRequest(FrameworkServlet.java:1014)
	at org.springframework.web.servlet.FrameworkServlet.doGet(FrameworkServlet.java:903)
	at jakarta.servlet.http.HttpServlet.service(HttpServlet.java:564)
	at org.springframework.web.servlet.FrameworkServlet.service(FrameworkServlet.java:885)
	at jakarta.servlet.http.HttpServlet.service(HttpServlet.java:658)
	at org.apache.catalina.core.ApplicationFilterChain.internalDoFilter(ApplicationFilterChain.java:205)
	at org.apache.catalina.core.ApplicationFilterChain.doFilter(ApplicationFilterChain.java:149)
	at org.apache.tomcat.websocket.server.WsFilter.doFilter(WsFilter.java:51)
	at org.apache.catalina.core.ApplicationFilterChain.internalDoFilter(ApplicationFilterChain.java:174)
	at org.apache.catalina.core.ApplicationFilterChain.doFilter(ApplicationFilterChain.java:149)
	at org.springframework.web.filter.RequestContextFilter.doFilterInternal(RequestContextFilter.java:100)
	at org.springframework.web.filter.OncePerRequestFilter.doFilter(OncePerRequestFilter.java:116)
	at org.apache.catalina.core.ApplicationFilterChain.internalDoFilter(ApplicationFilterChain.java:174)
	at org.apache.catalina.core.ApplicationFilterChain.doFilter(ApplicationFilterChain.java:149)
	at org.springframework.web.filter.FormContentFilter.doFilterInternal(FormContentFilter.java:93)
	at org.springframework.web.filter.OncePerRequestFilter.doFilter(OncePerRequestFilter.java:116)
	at org.apache.catalina.core.ApplicationFilterChain.internalDoFilter(ApplicationFilterChain.java:174)
	at org.apache.catalina.core.ApplicationFilterChain.doFilter(ApplicationFilterChain.java:149)
	at org.springframework.web.filter.CharacterEncodingFilter.doFilterInternal(CharacterEncodingFilter.java:201)
	at org.springframework.web.filter.OncePerRequestFilter.doFilter(OncePerRequestFilter.java:116)
	at org.apache.catalina.core.ApplicationFilterChain.internalDoFilter(ApplicationFilterChain.java:174)
	at org.apache.catalina.core.ApplicationFilterChain.doFilter(ApplicationFilterChain.java:149)
	at org.apache.catalina.core.StandardWrapperValve.invoke(StandardWrapperValve.java:167)
	at org.apache.catalina.core.StandardContextValve.invoke(StandardContextValve.java:90)
	at org.apache.catalina.authenticator.AuthenticatorBase.invoke(AuthenticatorBase.java:482)
	at org.apache.catalina.core.StandardHostValve.invoke(StandardHostValve.java:115)
	at org.apache.catalina.valves.ErrorReportValve.invoke(ErrorReportValve.java:93)
	at org.apache.catalina.core.StandardEngineValve.invoke(StandardEngineValve.java:74)
	at org.apache.catalina.connector.CoyoteAdapter.service(CoyoteAdapter.java:340)
	at org.apache.coyote.http11.Http11Processor.service(Http11Processor.java:391)
	at org.apache.coyote.AbstractProcessorLight.process(AbstractProcessorLight.java:63)
	at org.apache.coyote.AbstractProtocol$ConnectionHandler.process(AbstractProtocol.java:896)
	at org.apache.tomcat.util.net.NioEndpoint$SocketProcessor.doRun(NioEndpoint.java:1744)
	at org.apache.tomcat.util.net.SocketProcessorBase.run(SocketProcessorBase.java:52)
	at org.apache.tomcat.util.threads.ThreadPoolExecutor.runWorker(ThreadPoolExecutor.java:1191)
	at org.apache.tomcat.util.threads.ThreadPoolExecutor$Worker.run(ThreadPoolExecutor.java:659)
	at org.apache.tomcat.util.threads.TaskThread$WrappingRunnable.run(TaskThread.java:61)
	at java.base/java.lang.Thread.run(Thread.java:833)
2024-01-06 19:46:17.144[1704537977144] | INFO  | main       | c.g2s.trading.TradingApplicationKt   - Starting TradingApplicationKt using Java 17.0.6 with PID 70550 (/Users/kakao/Desktop/hj/trading/web/build/classes/kotlin/main started by kakao in /Users/kakao/Desktop/hj/trading)
2024-01-06 19:46:17.146[1704537977146] | INFO  | main       | c.g2s.trading.TradingApplicationKt   - No active profile set, falling back to 1 default profile: "default"
2024-01-06 19:46:17.676[1704537977676] | INFO  | main       | o.s.b.w.e.tomcat.TomcatWebServer     - Tomcat initialized with port 8080 (http)
2024-01-06 19:46:17.680[1704537977680] | INFO  | main       | o.a.coyote.http11.Http11NioProtocol  - Initializing ProtocolHandler ["http-nio-8080"]
2024-01-06 19:46:17.681[1704537977681] | INFO  | main       | o.a.catalina.core.StandardService    - Starting service [Tomcat]
2024-01-06 19:46:17.681[1704537977681] | INFO  | main       | o.a.catalina.core.StandardEngine     - Starting Servlet engine: [Apache Tomcat/10.1.16]
2024-01-06 19:46:17.705[1704537977705] | INFO  | main       | o.a.c.c.C.[Tomcat].[localhost].[/]   - Initializing Spring embedded WebApplicationContext
2024-01-06 19:46:17.705[1704537977705] | INFO  | main       | o.s.b.w.s.c.ServletWebServerApplicationContext - Root WebApplicationContext: initialization completed in 529 ms
2024-01-06 19:46:17.870[1704537977870] | INFO  | main       | o.a.coyote.http11.Http11NioProtocol  - Starting ProtocolHandler ["http-nio-8080"]
2024-01-06 19:46:17.877[1704537977877] | INFO  | main       | o.s.b.w.e.tomcat.TomcatWebServer     - Tomcat started on port 8080 (http) with context path ''
2024-01-06 19:46:17.882[1704537977882] | INFO  | main       | c.g2s.trading.TradingApplicationKt   - Started TradingApplicationKt in 0.93 seconds (process running for 1.302)
2024-01-06 19:46:30.434[1704537990434] | INFO  | http-nio-8080-exec-1 | o.a.c.c.C.[Tomcat].[localhost].[/]   - Initializing Spring DispatcherServlet 'dispatcherServlet'
2024-01-06 19:46:30.434[1704537990434] | INFO  | http-nio-8080-exec-1 | o.s.web.servlet.DispatcherServlet    - Initializing Servlet 'dispatcherServlet'
2024-01-06 19:46:30.435[1704537990435] | INFO  | http-nio-8080-exec-1 | o.s.web.servlet.DispatcherServlet    - Completed initialization in 1 ms
2024-01-06 19:46:30.461[1704537990461] | INFO  | http-nio-8080-exec-1 | c.b.c.f.client.utils.RequestHandler  - GET https://testnet.binancefuture.com/fapi/v2/balance?timestamp=1704537990452&signature=16856cfbb6ddb9a7fbb886c493f7398ba1dd833742036ae9748de25b3de6d555
2024-01-06 19:47:17.961[1704538037961] | INFO  | main       | c.g2s.trading.TradingApplicationKt   - Starting TradingApplicationKt using Java 17.0.6 with PID 70620 (/Users/kakao/Desktop/hj/trading/web/build/classes/kotlin/main started by kakao in /Users/kakao/Desktop/hj/trading)
2024-01-06 19:47:17.963[1704538037963] | INFO  | main       | c.g2s.trading.TradingApplicationKt   - No active profile set, falling back to 1 default profile: "default"
2024-01-06 19:47:18.492[1704538038492] | INFO  | main       | o.s.b.w.e.tomcat.TomcatWebServer     - Tomcat initialized with port 8080 (http)
2024-01-06 19:47:18.496[1704538038496] | INFO  | main       | o.a.coyote.http11.Http11NioProtocol  - Initializing ProtocolHandler ["http-nio-8080"]
2024-01-06 19:47:18.497[1704538038497] | INFO  | main       | o.a.catalina.core.StandardService    - Starting service [Tomcat]
2024-01-06 19:47:18.497[1704538038497] | INFO  | main       | o.a.catalina.core.StandardEngine     - Starting Servlet engine: [Apache Tomcat/10.1.16]
2024-01-06 19:47:18.528[1704538038528] | INFO  | main       | o.a.c.c.C.[Tomcat].[localhost].[/]   - Initializing Spring embedded WebApplicationContext
2024-01-06 19:47:18.528[1704538038528] | INFO  | main       | o.s.b.w.s.c.ServletWebServerApplicationContext - Root WebApplicationContext: initialization completed in 537 ms
2024-01-06 19:47:18.701[1704538038701] | INFO  | main       | o.a.coyote.http11.Http11NioProtocol  - Starting ProtocolHandler ["http-nio-8080"]
2024-01-06 19:47:18.708[1704538038708] | INFO  | main       | o.s.b.w.e.tomcat.TomcatWebServer     - Tomcat started on port 8080 (http) with context path ''
2024-01-06 19:47:18.712[1704538038712] | INFO  | main       | c.g2s.trading.TradingApplicationKt   - Started TradingApplicationKt in 0.933 seconds (process running for 1.322)
2024-01-06 19:47:19.923[1704538039923] | INFO  | http-nio-8080-exec-1 | o.a.c.c.C.[Tomcat].[localhost].[/]   - Initializing Spring DispatcherServlet 'dispatcherServlet'
2024-01-06 19:47:19.923[1704538039923] | INFO  | http-nio-8080-exec-1 | o.s.web.servlet.DispatcherServlet    - Initializing Servlet 'dispatcherServlet'
2024-01-06 19:47:19.924[1704538039924] | INFO  | http-nio-8080-exec-1 | o.s.web.servlet.DispatcherServlet    - Completed initialization in 1 ms
2024-01-06 19:47:19.949[1704538039949] | INFO  | http-nio-8080-exec-1 | c.b.c.f.client.utils.RequestHandler  - GET https://testnet.binancefuture.com/fapi/v2/balance?timestamp=1704538039941&signature=bd2d1e9da10a091c4d6e5dd92be7d814ca840d50b2aabe97ef764a9c771204f4
2024-01-06 19:48:14.394[1704538094394] | INFO  | main       | c.g2s.trading.TradingApplicationKt   - Starting TradingApplicationKt using Java 17.0.6 with PID 70677 (/Users/kakao/Desktop/hj/trading/web/build/classes/kotlin/main started by kakao in /Users/kakao/Desktop/hj/trading)
2024-01-06 19:48:14.395[1704538094395] | INFO  | main       | c.g2s.trading.TradingApplicationKt   - No active profile set, falling back to 1 default profile: "default"
2024-01-06 19:48:14.930[1704538094930] | INFO  | main       | o.s.b.w.e.tomcat.TomcatWebServer     - Tomcat initialized with port 8080 (http)
2024-01-06 19:48:14.934[1704538094934] | INFO  | main       | o.a.coyote.http11.Http11NioProtocol  - Initializing ProtocolHandler ["http-nio-8080"]
2024-01-06 19:48:14.934[1704538094934] | INFO  | main       | o.a.catalina.core.StandardService    - Starting service [Tomcat]
2024-01-06 19:48:14.934[1704538094934] | INFO  | main       | o.a.catalina.core.StandardEngine     - Starting Servlet engine: [Apache Tomcat/10.1.16]
2024-01-06 19:48:14.959[1704538094959] | INFO  | main       | o.a.c.c.C.[Tomcat].[localhost].[/]   - Initializing Spring embedded WebApplicationContext
2024-01-06 19:48:14.959[1704538094959] | INFO  | main       | o.s.b.w.s.c.ServletWebServerApplicationContext - Root WebApplicationContext: initialization completed in 525 ms
2024-01-06 19:48:15.120[1704538095120] | INFO  | main       | o.a.coyote.http11.Http11NioProtocol  - Starting ProtocolHandler ["http-nio-8080"]
2024-01-06 19:48:15.128[1704538095128] | INFO  | main       | o.s.b.w.e.tomcat.TomcatWebServer     - Tomcat started on port 8080 (http) with context path ''
2024-01-06 19:48:15.132[1704538095132] | INFO  | main       | c.g2s.trading.TradingApplicationKt   - Started TradingApplicationKt in 0.916 seconds (process running for 1.323)
